<?xml version="1.0" encoding="UTF-8"?>
<testsuite assertions="2" name="Ruby11" tests="1" failures="0" time="33.843731" errors="1" skipped="0">
  <testcase assertions="2" name="test_step2" time="33.843559">
    <failure type="TypeError" message="can't convert nil into String">
can't convert nil into String (TypeError)
getreferredJIBE_IE.rb:98:in `+'
getreferredJIBE_IE.rb:98:in `test_step2'
/opt/local/lib/ruby/gems/1.8/gems/test-unit-2.0.9/lib/test/unit/testcase.rb:452:in `__send__'
/opt/local/lib/ruby/gems/1.8/gems/test-unit-2.0.9/lib/test/unit/testcase.rb:452:in `run_test'
/opt/local/lib/ruby/gems/1.8/gems/test-unit-2.0.9/lib/test/unit/testcase.rb:320:in `run'
/opt/local/lib/ruby/gems/1.8/gems/test-unit-2.0.9/lib/test/unit/testsuite.rb:38:in `run'
/opt/local/lib/ruby/gems/1.8/gems/test-unit-2.0.9/lib/test/unit/testsuite.rb:37:in `each'
/opt/local/lib/ruby/gems/1.8/gems/test-unit-2.0.9/lib/test/unit/testsuite.rb:37:in `run'
/opt/local/lib/ruby/gems/1.8/gems/test-unit-2.0.9/lib/test/unit/testsuite.rb:38:in `run'
/opt/local/lib/ruby/gems/1.8/gems/test-unit-2.0.9/lib/test/unit/testsuite.rb:37:in `each'
/opt/local/lib/ruby/gems/1.8/gems/test-unit-2.0.9/lib/test/unit/testsuite.rb:37:in `run'
/opt/local/lib/ruby/gems/1.8/gems/test-unit-2.0.9/lib/test/unit/ui/testrunnermediator.rb:48:in `run_suite'
/opt/local/lib/ruby/gems/1.8/gems/test-unit-2.0.9/lib/test/unit/ui/console/testrunner.rb:82:in `start_mediator'
/opt/local/lib/ruby/gems/1.8/gems/test-unit-2.0.9/lib/test/unit/ui/console/testrunner.rb:52:in `start'
/opt/local/lib/ruby/gems/1.8/gems/test-unit-2.0.9/lib/test/unit/ui/testrunnerutilities.rb:24:in `run'
/opt/local/lib/ruby/gems/1.8/gems/test-unit-2.0.9/lib/test/unit/autorunner.rb:304:in `run'
/opt/local/lib/ruby/gems/1.8/gems/test-unit-2.0.9/lib/test/unit/autorunner.rb:52:in `run'
/opt/local/lib/ruby/gems/1.8/gems/test-unit-2.0.9/lib/test/unit.rb:321
getreferredJIBE_IE.rb:162    </failure>
  </testcase>
  <system-out>
  </system-out>
  <system-err>
  </system-err>
</testsuite>
