<?xml version="1.0" encoding="UTF-8"?>
<testsuite assertions="10" tests="1" failures="0" name="Ruby11" skipped="0" time="107.744845" errors="1">
  <testcase assertions="10" name="test_ruby11" time="107.74405">
    <failure type="Selenium::WebDriver::Error::TimeOutError" message="timed out after 30 seconds (The element could not be found (WARNING: The server did not provide any stacktrace information)...">
timed out after 30 seconds (The element could not be found (WARNING: The server did not provide any stacktrace information)
Command duration or timeout: 30.04 seconds
For documentation on this error, please visit: http://seleniumhq.org/exceptions/no_such_element.html
Build info: version: '2.15.0', revision: '15105', time: '2011-12-08 09:56:25'
System info: os.name: 'Windows Server 2008 R2', os.arch: 'amd64', os.version: '6.1', java.version: '1.6.0_26'
Driver info: driver.version: EventFiringWebDriver (org.openqa.selenium.NoSuchElementException))} (Selenium::WebDriver::Error::TimeOutError)
/opt/local/lib/ruby/gems/1.8/gems/selenium-webdriver-2.15.0/lib/selenium/webdriver/common/wait.rb:54:in `until'
getreferredJIBE_Chrome.rb:119:in `test_ruby11'
/opt/local/lib/ruby/gems/1.8/gems/test-unit-2.0.9/lib/test/unit/testcase.rb:452:in `__send__'
/opt/local/lib/ruby/gems/1.8/gems/test-unit-2.0.9/lib/test/unit/testcase.rb:452:in `run_test'
/opt/local/lib/ruby/gems/1.8/gems/test-unit-2.0.9/lib/test/unit/testcase.rb:320:in `run'
/opt/local/lib/ruby/gems/1.8/gems/test-unit-2.0.9/lib/test/unit/testsuite.rb:38:in `run'
/opt/local/lib/ruby/gems/1.8/gems/test-unit-2.0.9/lib/test/unit/testsuite.rb:37:in `each'
/opt/local/lib/ruby/gems/1.8/gems/test-unit-2.0.9/lib/test/unit/testsuite.rb:37:in `run'
/opt/local/lib/ruby/gems/1.8/gems/test-unit-2.0.9/lib/test/unit/testsuite.rb:38:in `run'
/opt/local/lib/ruby/gems/1.8/gems/test-unit-2.0.9/lib/test/unit/testsuite.rb:37:in `each'
/opt/local/lib/ruby/gems/1.8/gems/test-unit-2.0.9/lib/test/unit/testsuite.rb:37:in `run'
/opt/local/lib/ruby/gems/1.8/gems/test-unit-2.0.9/lib/test/unit/ui/testrunnermediator.rb:48:in `run_suite'
/opt/local/lib/ruby/gems/1.8/gems/test-unit-2.0.9/lib/test/unit/ui/console/testrunner.rb:82:in `start_mediator'
/opt/local/lib/ruby/gems/1.8/gems/test-unit-2.0.9/lib/test/unit/ui/console/testrunner.rb:52:in `start'
/opt/local/lib/ruby/gems/1.8/gems/test-unit-2.0.9/lib/test/unit/ui/testrunnerutilities.rb:24:in `run'
/opt/local/lib/ruby/gems/1.8/gems/test-unit-2.0.9/lib/test/unit/autorunner.rb:304:in `run'
/opt/local/lib/ruby/gems/1.8/gems/test-unit-2.0.9/lib/test/unit/autorunner.rb:52:in `run'
/opt/local/lib/ruby/gems/1.8/gems/test-unit-2.0.9/lib/test/unit.rb:321
getreferredJIBE_Chrome.rb:146    </failure>
  </testcase>
  <system-out>
fb_xdm_frame_http
&lt;html&gt;&lt;head&gt;&lt;/head&gt;&lt;body&gt;&lt;script&gt;function bagofholding() {};(function(a){if(a.require)return;var b={},c={},d={},e=0,f=1,g=2,h='special',i='refcount',j='exports',k='dependencies',l='module',m='waiting',n='factory',o=undefined,p='define',q='global',r='require',s='requireLazy',t='requireDynamic',u='context',v=Object.prototype.hasOwnProperty;function w(ha){if(!b[ha])throw new Error('Requiring module "'+ha+'" that has not been loaded yet. '+'Did you forget to run arc build?');var ia=b[ha],ja,ka,la;if(ia[m]&amp;&amp;ia[h]&amp;g)z();if(ia[m]){la='Requiring module "'+ha+'" with unresolved dependencies';throw new Error(la);}if(!ia[j]){var ma=ia[j]={},na=ia[n];if(Object.prototype.toString.call(na)==='[object Function]'){var oa=[],pa=ia[k],qa=pa.length;if(ia[h]&amp;g)qa=Math.min(qa,na.length);for(ka=0;ka&lt;qa;ka++){ja=pa[ka];oa.push(ja===l?ia:(ja===j?ma:w(ja)));}var ra=na.apply(ia[u]||a,oa);if(ra)ia[j]=ra;}else ia[j]=na;}if(ia[i]--===1)delete b[ha];return ia[j];}function x(ha,ia,ja,ka,la,ma){if(ia===o){ia=[];ja=ha;ha=ba();}else if(ja===o){ja=ia;ia=ha;ha=ba();}var na=b[ha];if(na){if(ma)na[i]+=ma;return;}else if(!ia&amp;&amp;!ja&amp;&amp;ma){d[ha]=(d[ha]||0)+ma;return;}else{na={id:ha};na[i]=(d[ha]||0)+(ma||0);delete d[ha];}na[n]=ja;na[k]=ia;na[u]=la;na[h]=ka;b[ha]=na;ca(ha);}function y(ha,ia,ja){x(ha,ia,o,f,ja,1);}function z(){var ha={},ia;for(ia in c)if(v.call(c,ia))if(b[ia]&amp;&amp;!ha[ia]&amp;&amp;b[ia][h]&amp;g)aa({},ia,ha);}function aa(ha,ia,ja){ja[ia]=1;var ka=c[ia],la;if(!ka)return;ha[ia]=1;for(la in ka)if(v.call(ka,la)){if(!b[la][h]&amp;g)continue;if(ha[la]){delete ka[la];b[la][m]--;if(!b[la][m])da(la);}else aa(ha,la,ja);}ha[ia]=0;}function ba(){return '__mod__'+e++;}function ca(ha){var ia=b[ha],ja=0;for(var ka=0;ka&lt;ia[k].length;ka++){var la=ia[k][ka];if(!b[la]||b[la][m]){c[la]||(c[la]={});if(!c[la][ha])ja++;c[la][ha]=1;}}ia[m]=ja;if(!ja)da(ha);}function da(ha){var ia=b[ha];if(ia[h]&amp;f)w(ha);var ja=c[ha];if(ja){delete c[ha];for(var ka in ja)if(v.call(ja,ka))if(!--b[ka][m])da(ka);}}function ea(ha,ia){b[ha]={id:ha};b[ha][j]=ia;}ea(l,0);ea(j,0);ea(p,x);ea(q,a);ea(r,w);ea(t,w);ea(s,y);x.amd={};a[p]=x;a[r]=w;a[t]=w;a[s]=y;var fa=false,ga=function(ha,ia,ja,ka){x(ha,ia,ja,ka||g);if(b[ha][m]&amp;&amp;!fa)fa=setTimeout(function(){z();fa=false;},9);};a.__d=function(ha,ia,ja,ka){ia=[q,r,t,s,l,j].concat(ia);ga(ha,ia,ja,ka);};a.__e=a.__d;})(this);
__d("XDMConfig",[],{"Flash":{"path":"https:\/\/s-static.ak.fbcdn.net\/rsrc.php\/v1\/ys\/r\/WON-TVLCpDP.swf"}});__d("initXdArbiter",["QueryString","resolveWindow","Log","XDM","XDMConfig"],function(a,b,c,d,e,f){var g=b('QueryString'),h=b('resolveWindow'),i=b('Log'),j=b('XDM'),k=c('XDMConfig'),l=location.protocol.replace(':',''),m=/#(.*)|$/.exec(location.href)[1];if(!m){i.error('xd_arbiter.php loaded without a valid hash, referrer: %s',document.referrer);return;}var n=g.decode(m);function o(y){return y.replace(/["'&lt;&gt;\(\)\\]/g,'');}function p(){if(window!=parent&amp;&amp;window.parent!=window.parent.parent)try{return parent.parent.XdArbiter.register(window);}catch(y){i.error('Could not register with XdArbiter in parent.parent');}return '';}function q(y,z){if(!y||y.length===0)return true;var aa='.'+(/https?:\/\/(.*)$/).exec(z)[1],ba=y.length;while(ba--){var ca='.'+y[ba];if(ca==aa.substring(aa.length-ca.length))return true;}i.error('Failed proxying to %s, expected %s',aa,y.toString());return false;}function r(y,z){var aa=y?h(y):parent.parent;try{aa.XdArbiter.handleMessage(z);}catch(ba){i.error('Could not reach www.facebook.com using %s',y);return;}}function s(){try{h(n.relation).frames['fb_xdm_frame_'+l].proxyMessage(m);}catch(y){setTimeout(s,50);}}function t(){var y=/^(.*)\/(.*)$/.exec(n.origin)[1];if(window.__fbNative&amp;&amp;window.__fbNative.postMessage){__fbNative.postMessage(m,y);}else{var z=function(aa){window.removeEventListener('fbNativeReady',z);__fbNative.postMessage(m,y);};window.addEventListener('fbNativeReady',z);}}document.domain='facebook.com';if(n.xd_rel){r(n.xd_rel,n);return;}else if(n.relation){if(window===top&amp;&amp;/FBAN\/\w+;/i.test(navigator.userAgent)){i.info('Native proxy');t();}else{i.info('Legacy proxy to %s',n.relation);s();}return;}if(l!=/https?/.exec(window.name)[0]){i.info('Redirection to %s detected, aborting',l);return;}var u=o(n.transport),v=o(n.channel),w=o(n.channel_path),x=o(n.origin);j.create({root:document.body,transport:u,channel:v+'_'+l,channelPath:w,flashUrl:k.Flash.path,onMessage:function(y,z){y=g.decode(y);r(y.relation,y);},whenReady:function(y){window.proxyMessage=function(ca,da){if(q(da,x))y.send(ca,x,parent,v);};var z=null,aa={xd_action:'proxy_ready',data:z},ba=p();if(ba)aa.registered=ba;y.send(g.encode(aa),x,parent,v);}});});
__d("QueryString",[],function(a,b,c,d,e,f){var g={encode:function(h){var i=[];for(var j in h)if(h.hasOwnProperty(j))i.push(encodeURIComponent(j)+'='+encodeURIComponent(h[j]));return i.join('&amp;');},decode:function(h){var i=h.split('&amp;'),j=i.length,k={};while(j--){var l=i[j].split('=',2);k[decodeURIComponent(l[0])]=decodeURIComponent(l[1]);}return k;}};e.exports=g;});
__d("resolveWindow",[],function(a,b,c,d,e,f){function g(h){var i=window,j=h.split('.');try{for(var l=0;l&lt;j.length;l++){var m=j[l],n=/^frames\[['"]?([a-zA-Z0-9\-_]+)['"]?\]$/.exec(m);if(n){i=i.frames[n[1]];}else if(m==='opener'||m==='parent'||m==='top'){i=i[m];}else return null;}}catch(k){return null;}return i;}e.exports=g;});
__d("Log",["sprintf"],function(a,b,c,d,e,f){var g=b("sprintf"),h=Array.prototype.slice,i={DEBUG:3,INFO:2,WARNING:1,ERROR:0};function j(l,m,n){var o=g.apply(null,n);if(k.level&gt;=l&amp;&amp;window.console)console[m in console?m:'log'](o);}var k={level:-1,Level:i,debug:function(){j(i.DEBUG,'debug',h.call(arguments));},info:function(){j(i.INFO,'info',h.call(arguments));},warn:function(){j(i.WARNING,'warn',h.call(arguments));},error:function(){j(i.ERROR,'error',h.call(arguments));}};e.exports=k;});
__d("sprintf",[],function(a,b,c,d,e,f){function g(h,i){i=Array.prototype.slice.call(arguments,1);var j=0;return h.replace(/%s/g,function(k){return i[j++];});}e.exports=g;});
__d("XDM",["Flash","DOMEventListener","Log","guid","copyProperties"],function(a,b,c,d,e,f){var g=b('Flash'),h=b('DOMEventListener'),i=b('Log'),j=b('guid'),k=b('copyProperties'),l={},m={transports:[]};function n(p){var q={},r=p.length,s=m.transports;while(r--)q[p[r]]=1;r=s.length;while(r--){var t=s[r],u=l[t];if(!q[t]&amp;&amp;u.isAvailable())return t;}}var o={register:function(p,q){i.debug('Registering %s as XDM provider',p);m.transports.push(p);l[p]=q;},create:function(p){if(!p.whenReady&amp;&amp;!p.onMessage){i.error('An instance without whenReady or onMessage makes no sense');throw new Error('An instance without whenReady or '+'onMessage makes no sense');}if(!p.channel){i.warn('Missing channel name, selecting at random');p.channel=j();}if(!p.whenReady)p.whenReady=bagofholding;if(!p.onMessage)p.onMessage=bagofholding;var q=p.transport||n(p.blacklist||[]),r=l[q];if(r&amp;&amp;r.isAvailable()){i.debug('%s is available',q);r.init(p);return q;}}};o.register('fragment',(function(){var p=false,q,r=location.protocol+'//'+location.host;function s(t){var u=document.createElement('iframe');u.src='javascript:false';var v=h.add(u,'load',function(){v.remove();setTimeout(function(){u.parentNode.removeChild(u);},5000);});q.appendChild(u);u.src=t;}return {isAvailable:function(){return true;},init:function(t){i.debug('init fragment');var u={send:function(v,w,x,y){i.debug('sending to: %s (%s)',w+t.channelPath,y);s(w+t.channelPath+v+'&amp;xd_rel=parent.parent&amp;relation=parent.parent&amp;xd_origin='+encodeURIComponent(r));}};if(p){t.whenReady(u);return;}q=t.root;p=true;t.whenReady(u);}};})());o.register('flash',(function(){var p=false,q,r={},s=false;return {isAvailable:function(){return g.isAvailable();},init:function(t){i.debug('init flash: '+t.channel);var u={send:function(x,y,z,aa){i.debug('sending to: %s (%s)',y,aa);q.postMessage(x,y,aa);}};if(p){t.whenReady(u);return;}var v=t.root.appendChild(document.createElement('div')),w=j();r[w]=function(){i.info('xdm.swf called the callback');delete r[w];w=j();r[w]=function(x,y){x=decodeURIComponent(x);i.debug('received message %s from %s',x,y);t.onMessage(x,y);};q.init(t.channel,'FB_XDM_CALLBACKS.'+w);t.whenReady(u);};window.FB_XDM_CALLBACKS=r;q=g.embed(t.flashUrl,v,null,{protocol:location.protocol.replace(':',''),host:location.host,callback:'FB_XDM_CALLBACKS.'+w,log:s});p=true;}};})());o.register('postmessage',(function(){var p=false;return {isAvailable:function(){return !!window.postMessage;},init:function(q){i.debug('init postMessage: '+q.channel);var r='_FB_'+q.channel,s={send:function(t,u,v,w){if(window===v){i.error('Invalid windowref, equal to window (self)');throw new Error();}i.debug('sending to: %s (%s)',u,w);v.postMessage('_FB_'+w+t,u);}};if(p){q.whenReady(s);return;}h.add(window,'message',function(event){var t=event.data,u=event.origin||'native';if(typeof t!='string'){i.warn('Received message of type %s from %s, expected a string',typeof t,u);return;}i.debug('received message %s from %s',t,u);if(u!='native')if(t.substring(0,r.length)==r){t=t.substring(r.length);}else return;q.onMessage(t,u);});q.whenReady(s);p=true;}};})());e.exports=o;});
__d("Flash",["ua","copyProperties","QueryString","guid"],function(a,b,c,d,e,f){var g=b("ua"),h=b("copyProperties"),i=b("QueryString"),j=b("guid"),k={},l;function m(r){var s=document.getElementById(r);if(s)s.parentNode.removeChild(s);delete k[r];}function n(){for(var r in k)if(k.hasOwnProperty(r))m(r);}function o(r){return r.replace(/\d+/g,function(s){return '000'.substring(s.length)+s;});}function p(r){if(!l){if(g.ie()&gt;=9)window.attachEvent('onunload',n);l=true;}k[r]=r;}var q={embed:function(r,s,t,u){var v=j();r=encodeURI(r);t=h({allowscriptaccess:'always',flashvars:u,movie:r},t||{});if(typeof t.flashvars=='object')t.flashvars=i.encode(t.flashvars);var w=[];for(var x in t)if(t.hasOwnProperty(x)&amp;&amp;t[x])w.push('&lt;param name="'+encodeURI(x)+'" value="'+encodeURI(t[x])+'"&gt;');var y=document.createElement('div'),z='&lt;object '+(g.ie()?'classid="clsid:d27cdb6e-ae6d-11cf-96b8-444553540000" ':'type="application/x-shockwave-flash"')+'data="'+r+'" '+'id="'+v+'"&gt;'+w.join('')+'&lt;/object&gt;';y.innerHTML=z;s.appendChild(y.firstChild);p(v);return s.firstChild;},remove:m,getVersion:function(){var r='Shockwave Flash',s='application/x-shockwave-flash',t='ShockwaveFlash.ShockwaveFlash',u;if(navigator.plugins&amp;&amp;typeof navigator.plugins[r]=='object'){var v=navigator.plugins[r].description;if(v&amp;&amp;navigator.mimeTypes&amp;&amp;navigator.mimeTypes[s]&amp;&amp;navigator.mimeTypes[s].enabledPlugin)u=v.match(/\d+/g);}if(!u)try{u=(new ActiveXObject(t)).GetVariable('$version').match(/(\d+),(\d+),(\d+),(\d+)/);u=Array.prototype.slice.call(u,1);}catch(w){}return u;},checkMinVersion:function(r){var s=q.getVersion();if(!s)return false;return o(s.join('.'))&gt;=o(r);},isAvailable:function(){return !!q.getVersion();}};e.exports=q;});
__d("ua",[],function(a,b,c,d,e,f){var g={ie:function(){return g._populate()||this._ie;},ie64:function(){return g.ie()&amp;&amp;this._win64;},firefox:function(){return g._populate()||this._firefox;},opera:function(){return g._populate()||this._opera;},safari:function(){return g._populate()||this._safari;},chrome:function(){return g._populate()||this._chrome;},windows:function(){return g._populate()||this._windows;},osx:function(){return g._populate()||this._osx;},linux:function(){return g._populate()||this._linux;},iphone:function(){return g._populate()||this._iphone;},_populated:false,_populate:function(){if(g._populated)return;g._populated=true;var h=navigator.userAgent,i=/(?:MSIE.(\d+\.\d+))|(?:(?:Firefox|GranParadiso|Iceweasel).(\d+\.\d+))|(?:Opera(?:.+Version.|.)(\d+\.\d+))|(?:AppleWebKit.(\d+(?:\.\d+)?))/.exec(h),j=/(Mac OS X)|(Windows)|(Linux)/.exec(h),k=/\b(iPhone|iP[ao]d)/.exec(h);g._win64=!!(/Win64/.exec(h));if(i){g._ie=i[1]?parseFloat(i[1]):NaN;if(g._ie&amp;&amp;document.documentMode)g._ie=document.documentMode;g._firefox=i[2]?parseFloat(i[2]):NaN;g._opera=i[3]?parseFloat(i[3]):NaN;g._safari=i[4]?parseFloat(i[4]):NaN;if(g._safari){i=/(?:Chrome\/(\d+\.\d+))/.exec(h);g._chrome=i&amp;&amp;i[1]?parseFloat(i[1]):NaN;}else g._chrome=NaN;}else g._ie=g._firefox=g._opera=g._chrome=g._safari=NaN;if(j){if(j[1]){var l=/(?:Mac OS X (\d+(?:[._]\d+)?))/.exec(h);g._osx=l?parseFloat(l[1].replace('_','.')):true;}else g._osx=false;g._windows=!!j[2];g._linux=!!j[3];}else g._osx=g._windows=g._linux=false;g._iphone=k;}};a.ua=e.exports=g;},3);
__d("copyProperties",[],function(a,b,c,d,e,f){function g(h,i){h=h||{};i=i||{};for(var j in i)h[j]=i[j];if(i.hasOwnProperty&amp;&amp;i.hasOwnProperty('toString')&amp;&amp;(typeof i.toString!='undefined')&amp;&amp;(h.toString!==i.toString))h.toString=i.toString;return h;}e.exports=g;});
__d("guid",[],function(a,b,c,d,e,f){function g(){return 'f'+(Math.random()*(1&lt;&lt;30)).toString(16).replace('.','');}e.exports=g;});
__d("DOMEventListener",[],function(a,b,c,d,e,f){var g,h;if(window.addEventListener){g=function(j,k,l){j.addEventListener(k,l,false);};h=function(j,k,l){j.removeEventListener(k,l,false);};}else if(window.attachEvent){g=function(j,k,l){j.attachEvent('on'+k,l);};h=function(j,k,l){j.detachEvent('on'+k,l);};}var i={add:function(j,k,l){g(j,k,l);return {remove:function(){h(j,k,l);j=null;}};},remove:h};e.exports=i;});
require("initXdArbiter");&lt;/script&gt;&lt;/body&gt;&lt;/html&gt;
  </system-out>
  <system-err>
  </system-err>
</testsuite>
