<?xml version="1.0" encoding="UTF-8"?>
<testsuite assertions="0" tests="1" failures="0" name="Ruby11" skipped="0" time="1.479469" errors="1">
  <testcase name="test_ruby11">
    <failure type="NoMethodError" message="undefined method `quit' for nil:NilClass">
undefined method `quit' for nil:NilClass (NoMethodError)
getreferredJIBE_IE.rb:30:in `teardown'
/opt/local/lib/ruby/gems/1.8/gems/test-unit-2.0.9/lib/test/unit/fixture.rb:163:in `send'
/opt/local/lib/ruby/gems/1.8/gems/test-unit-2.0.9/lib/test/unit/fixture.rb:163:in `run_fixture'
/opt/local/lib/ruby/gems/1.8/gems/test-unit-2.0.9/lib/test/unit/fixture.rb:159:in `each'
/opt/local/lib/ruby/gems/1.8/gems/test-unit-2.0.9/lib/test/unit/fixture.rb:159:in `run_fixture'
/opt/local/lib/ruby/gems/1.8/gems/test-unit-2.0.9/lib/test/unit/fixture.rb:172:in `run_teardown'
/opt/local/lib/ruby/gems/1.8/gems/test-unit-2.0.9/lib/test/unit/testcase.rb:326:in `run'
/opt/local/lib/ruby/gems/1.8/gems/test-unit-2.0.9/lib/test/unit/testsuite.rb:38:in `run'
/opt/local/lib/ruby/gems/1.8/gems/test-unit-2.0.9/lib/test/unit/testsuite.rb:37:in `each'
/opt/local/lib/ruby/gems/1.8/gems/test-unit-2.0.9/lib/test/unit/testsuite.rb:37:in `run'
/opt/local/lib/ruby/gems/1.8/gems/test-unit-2.0.9/lib/test/unit/testsuite.rb:38:in `run'
/opt/local/lib/ruby/gems/1.8/gems/test-unit-2.0.9/lib/test/unit/testsuite.rb:37:in `each'
/opt/local/lib/ruby/gems/1.8/gems/test-unit-2.0.9/lib/test/unit/testsuite.rb:37:in `run'
/opt/local/lib/ruby/gems/1.8/gems/test-unit-2.0.9/lib/test/unit/ui/testrunnermediator.rb:48:in `run_suite'
/opt/local/lib/ruby/gems/1.8/gems/test-unit-2.0.9/lib/test/unit/ui/console/testrunner.rb:82:in `start_mediator'
/opt/local/lib/ruby/gems/1.8/gems/test-unit-2.0.9/lib/test/unit/ui/console/testrunner.rb:52:in `start'
/opt/local/lib/ruby/gems/1.8/gems/test-unit-2.0.9/lib/test/unit/ui/testrunnerutilities.rb:24:in `run'
/opt/local/lib/ruby/gems/1.8/gems/test-unit-2.0.9/lib/test/unit/autorunner.rb:304:in `run'
/opt/local/lib/ruby/gems/1.8/gems/test-unit-2.0.9/lib/test/unit/autorunner.rb:52:in `run'
/opt/local/lib/ruby/gems/1.8/gems/test-unit-2.0.9/lib/test/unit.rb:321
getreferredJIBE_IE.rb:154    </failure>
  </testcase>
  <system-out>
  </system-out>
  <system-err>
  </system-err>
</testsuite>
