<?xml version="1.0" encoding="UTF-8"?>
<testsuite assertions="2" name="Ruby11" tests="1" failures="0" time="81.297547" errors="0" skipped="0">
  <testcase name="test_step2">
  </testcase>
  <system-out>
Slept for 3 seconds now
  </system-out>
  <system-err>
  </system-err>
</testsuite>
