<?xml version="1.0" encoding="UTF-8"?>
<testsuite assertions="0" name="Ruby11" tests="1" failures="0" time="50.943822" errors="2" skipped="0">
  <testcase assertions="0" name="test_step2" time="50.939634">
    <failure type="Selenium::WebDriver::Error::UnknownError" message="cannot forward the request Connection reset (org.openqa.grid.common.exception.GridException)">
cannot forward the request Connection reset (org.openqa.grid.common.exception.GridException) (Selenium::WebDriver::Error::UnknownError)
[remote server] org.openqa.grid.web.servlet.handler.RequestHandler(RequestHandler.java):174:in `process'
[remote server] org.openqa.grid.web.servlet.DriverServlet(DriverServlet.java):81:in `process'
[remote server] org.openqa.grid.web.servlet.DriverServlet(DriverServlet.java):67:in `doPost'
[remote server] javax.servlet.http.HttpServlet(HttpServlet.java):727:in `service'
[remote server] javax.servlet.http.HttpServlet(HttpServlet.java):820:in `service'
[remote server] org.openqa.jetty.jetty.servlet.ServletHolder(ServletHolder.java):428:in `handle'
[remote server] org.openqa.jetty.jetty.servlet.WebApplicationHandler(WebApplicationHandler.java):473:in `dispatch'
[remote server] org.openqa.jetty.jetty.servlet.ServletHandler(ServletHandler.java):568:in `handle'
[remote server] org.openqa.jetty.http.HttpContext(HttpContext.java):1530:in `handle'
[remote server] org.openqa.jetty.jetty.servlet.WebApplicationContext(WebApplicationContext.java):633:in `handle'
[remote server] org.openqa.jetty.http.HttpContext(HttpContext.java):1482:in `handle'
[remote server] org.openqa.jetty.http.HttpServer(HttpServer.java):909:in `service'
[remote server] org.openqa.jetty.http.HttpConnection(HttpConnection.java):820:in `service'
[remote server] org.openqa.jetty.http.HttpConnection(HttpConnection.java):986:in `handleNext'
[remote server] org.openqa.jetty.http.HttpConnection(HttpConnection.java):837:in `handle'
[remote server] org.openqa.jetty.http.SocketListener(SocketListener.java):243:in `handleConnection'
[remote server] org.openqa.jetty.util.ThreadedServer(ThreadedServer.java):357:in `handle'
[remote server] org.openqa.jetty.util.ThreadPool$PoolThread(ThreadPool.java):534:in `run'
/opt/local/lib/ruby/gems/1.8/gems/selenium-webdriver-2.15.0/lib/selenium/webdriver/remote/response.rb:50:in `assert_ok'
/opt/local/lib/ruby/gems/1.8/gems/selenium-webdriver-2.15.0/lib/selenium/webdriver/remote/response.rb:15:in `initialize'
/opt/local/lib/ruby/gems/1.8/gems/selenium-webdriver-2.15.0/lib/selenium/webdriver/remote/http/common.rb:58:in `new'
/opt/local/lib/ruby/gems/1.8/gems/selenium-webdriver-2.15.0/lib/selenium/webdriver/remote/http/common.rb:58:in `create_response'
/opt/local/lib/ruby/gems/1.8/gems/selenium-webdriver-2.15.0/lib/selenium/webdriver/remote/http/default.rb:64:in `request'
/opt/local/lib/ruby/gems/1.8/gems/selenium-webdriver-2.15.0/lib/selenium/webdriver/remote/http/common.rb:39:in `call'
/opt/local/lib/ruby/gems/1.8/gems/selenium-webdriver-2.15.0/lib/selenium/webdriver/remote/bridge.rb:450:in `raw_execute'
/opt/local/lib/ruby/gems/1.8/gems/selenium-webdriver-2.15.0/lib/selenium/webdriver/remote/bridge.rb:428:in `execute'
/opt/local/lib/ruby/gems/1.8/gems/selenium-webdriver-2.15.0/lib/selenium/webdriver/remote/bridge.rb:396:in `find_element_by'
/opt/local/lib/ruby/gems/1.8/gems/selenium-webdriver-2.15.0/lib/selenium/webdriver/common/search_context.rb:42:in `find_element'
getreferredJIBE_IE.rb:81:in `test_step2'
/opt/local/lib/ruby/gems/1.8/gems/test-unit-2.0.9/lib/test/unit/testcase.rb:452:in `__send__'
/opt/local/lib/ruby/gems/1.8/gems/test-unit-2.0.9/lib/test/unit/testcase.rb:452:in `run_test'
/opt/local/lib/ruby/gems/1.8/gems/test-unit-2.0.9/lib/test/unit/testcase.rb:320:in `run'
/opt/local/lib/ruby/gems/1.8/gems/test-unit-2.0.9/lib/test/unit/testsuite.rb:38:in `run'
/opt/local/lib/ruby/gems/1.8/gems/test-unit-2.0.9/lib/test/unit/testsuite.rb:37:in `each'
/opt/local/lib/ruby/gems/1.8/gems/test-unit-2.0.9/lib/test/unit/testsuite.rb:37:in `run'
/opt/local/lib/ruby/gems/1.8/gems/test-unit-2.0.9/lib/test/unit/testsuite.rb:38:in `run'
/opt/local/lib/ruby/gems/1.8/gems/test-unit-2.0.9/lib/test/unit/testsuite.rb:37:in `each'
/opt/local/lib/ruby/gems/1.8/gems/test-unit-2.0.9/lib/test/unit/testsuite.rb:37:in `run'
/opt/local/lib/ruby/gems/1.8/gems/test-unit-2.0.9/lib/test/unit/ui/testrunnermediator.rb:48:in `run_suite'
/opt/local/lib/ruby/gems/1.8/gems/test-unit-2.0.9/lib/test/unit/ui/console/testrunner.rb:82:in `start_mediator'
/opt/local/lib/ruby/gems/1.8/gems/test-unit-2.0.9/lib/test/unit/ui/console/testrunner.rb:52:in `start'
/opt/local/lib/ruby/gems/1.8/gems/test-unit-2.0.9/lib/test/unit/ui/testrunnerutilities.rb:24:in `run'
/opt/local/lib/ruby/gems/1.8/gems/test-unit-2.0.9/lib/test/unit/autorunner.rb:304:in `run'
/opt/local/lib/ruby/gems/1.8/gems/test-unit-2.0.9/lib/test/unit/autorunner.rb:52:in `run'
/opt/local/lib/ruby/gems/1.8/gems/test-unit-2.0.9/lib/test/unit.rb:321
getreferredJIBE_IE.rb:159    </failure>
    <failure type="Selenium::WebDriver::Error::UnknownError" message="Session [1334156545108] not available - [] (org.openqa.grid.common.exception.GridException)">
Session [1334156545108] not available - [] (org.openqa.grid.common.exception.GridException) (Selenium::WebDriver::Error::UnknownError)
[remote server] org.openqa.grid.web.servlet.handler.RequestHandler(RequestHandler.java):163:in `process'
[remote server] org.openqa.grid.web.servlet.DriverServlet(DriverServlet.java):81:in `process'
[remote server] org.openqa.grid.web.servlet.DriverServlet(DriverServlet.java):73:in `doDelete'
[remote server] javax.servlet.http.HttpServlet(HttpServlet.java):733:in `service'
[remote server] javax.servlet.http.HttpServlet(HttpServlet.java):820:in `service'
[remote server] org.openqa.jetty.jetty.servlet.ServletHolder(ServletHolder.java):428:in `handle'
[remote server] org.openqa.jetty.jetty.servlet.WebApplicationHandler(WebApplicationHandler.java):473:in `dispatch'
[remote server] org.openqa.jetty.jetty.servlet.ServletHandler(ServletHandler.java):568:in `handle'
[remote server] org.openqa.jetty.http.HttpContext(HttpContext.java):1530:in `handle'
[remote server] org.openqa.jetty.jetty.servlet.WebApplicationContext(WebApplicationContext.java):633:in `handle'
[remote server] org.openqa.jetty.http.HttpContext(HttpContext.java):1482:in `handle'
[remote server] org.openqa.jetty.http.HttpServer(HttpServer.java):909:in `service'
[remote server] org.openqa.jetty.http.HttpConnection(HttpConnection.java):820:in `service'
[remote server] org.openqa.jetty.http.HttpConnection(HttpConnection.java):986:in `handleNext'
[remote server] org.openqa.jetty.http.HttpConnection(HttpConnection.java):837:in `handle'
[remote server] org.openqa.jetty.http.SocketListener(SocketListener.java):243:in `handleConnection'
[remote server] org.openqa.jetty.util.ThreadedServer(ThreadedServer.java):357:in `handle'
[remote server] org.openqa.jetty.util.ThreadPool$PoolThread(ThreadPool.java):534:in `run'
/opt/local/lib/ruby/gems/1.8/gems/selenium-webdriver-2.15.0/lib/selenium/webdriver/remote/response.rb:50:in `assert_ok'
/opt/local/lib/ruby/gems/1.8/gems/selenium-webdriver-2.15.0/lib/selenium/webdriver/remote/response.rb:15:in `initialize'
/opt/local/lib/ruby/gems/1.8/gems/selenium-webdriver-2.15.0/lib/selenium/webdriver/remote/http/common.rb:58:in `new'
/opt/local/lib/ruby/gems/1.8/gems/selenium-webdriver-2.15.0/lib/selenium/webdriver/remote/http/common.rb:58:in `create_response'
/opt/local/lib/ruby/gems/1.8/gems/selenium-webdriver-2.15.0/lib/selenium/webdriver/remote/http/default.rb:64:in `request'
/opt/local/lib/ruby/gems/1.8/gems/selenium-webdriver-2.15.0/lib/selenium/webdriver/remote/http/common.rb:39:in `call'
/opt/local/lib/ruby/gems/1.8/gems/selenium-webdriver-2.15.0/lib/selenium/webdriver/remote/bridge.rb:450:in `raw_execute'
/opt/local/lib/ruby/gems/1.8/gems/selenium-webdriver-2.15.0/lib/selenium/webdriver/remote/bridge.rb:428:in `execute'
/opt/local/lib/ruby/gems/1.8/gems/selenium-webdriver-2.15.0/lib/selenium/webdriver/remote/bridge.rb:185:in `quit'
/opt/local/lib/ruby/gems/1.8/gems/selenium-webdriver-2.15.0/lib/selenium/webdriver/common/driver.rb:164:in `quit'
getreferredJIBE_IE.rb:31:in `teardown'
/opt/local/lib/ruby/gems/1.8/gems/test-unit-2.0.9/lib/test/unit/fixture.rb:163:in `send'
/opt/local/lib/ruby/gems/1.8/gems/test-unit-2.0.9/lib/test/unit/fixture.rb:163:in `run_fixture'
/opt/local/lib/ruby/gems/1.8/gems/test-unit-2.0.9/lib/test/unit/fixture.rb:159:in `each'
/opt/local/lib/ruby/gems/1.8/gems/test-unit-2.0.9/lib/test/unit/fixture.rb:159:in `run_fixture'
/opt/local/lib/ruby/gems/1.8/gems/test-unit-2.0.9/lib/test/unit/fixture.rb:172:in `run_teardown'
/opt/local/lib/ruby/gems/1.8/gems/test-unit-2.0.9/lib/test/unit/testcase.rb:326:in `run'
/opt/local/lib/ruby/gems/1.8/gems/test-unit-2.0.9/lib/test/unit/testsuite.rb:38:in `run'
/opt/local/lib/ruby/gems/1.8/gems/test-unit-2.0.9/lib/test/unit/testsuite.rb:37:in `each'
/opt/local/lib/ruby/gems/1.8/gems/test-unit-2.0.9/lib/test/unit/testsuite.rb:37:in `run'
/opt/local/lib/ruby/gems/1.8/gems/test-unit-2.0.9/lib/test/unit/testsuite.rb:38:in `run'
/opt/local/lib/ruby/gems/1.8/gems/test-unit-2.0.9/lib/test/unit/testsuite.rb:37:in `each'
/opt/local/lib/ruby/gems/1.8/gems/test-unit-2.0.9/lib/test/unit/testsuite.rb:37:in `run'
/opt/local/lib/ruby/gems/1.8/gems/test-unit-2.0.9/lib/test/unit/ui/testrunnermediator.rb:48:in `run_suite'
/opt/local/lib/ruby/gems/1.8/gems/test-unit-2.0.9/lib/test/unit/ui/console/testrunner.rb:82:in `start_mediator'
/opt/local/lib/ruby/gems/1.8/gems/test-unit-2.0.9/lib/test/unit/ui/console/testrunner.rb:52:in `start'
/opt/local/lib/ruby/gems/1.8/gems/test-unit-2.0.9/lib/test/unit/ui/testrunnerutilities.rb:24:in `run'
/opt/local/lib/ruby/gems/1.8/gems/test-unit-2.0.9/lib/test/unit/autorunner.rb:304:in `run'
/opt/local/lib/ruby/gems/1.8/gems/test-unit-2.0.9/lib/test/unit/autorunner.rb:52:in `run'
/opt/local/lib/ruby/gems/1.8/gems/test-unit-2.0.9/lib/test/unit.rb:321
getreferredJIBE_IE.rb:159    </failure>
  </testcase>
  <system-out>
  </system-out>
  <system-err>
  </system-err>
</testsuite>
