<?xml version="1.0" encoding="UTF-8"?>
<testsuite assertions="9" tests="1" failures="1" name="Ruby11" skipped="0" time="48.15936" errors="0">
  <testcase assertions="9" name="test_ruby11" time="48.158818">
    <failure type="Test::Unit::AssertionFailedError" message="The Linkedin connections load....">
The Linkedin connections load.
&lt;false&gt; is not true. (Test::Unit::AssertionFailedError)
getreferredJIBE_Chrome.rb:82:in `test_ruby11'    </failure>
  </testcase>
  <system-out>
  </system-out>
  <system-err>
  </system-err>
</testsuite>
