<?xml version="1.0" encoding="UTF-8"?>
<testsuite assertions="3" name="Ruby11" tests="1" failures="0" time="64.299418" errors="1" skipped="0">
  <testcase assertions="3" name="test_step2" time="64.298416">
    <failure type="Selenium::WebDriver::Error::UnsupportedOperationError" message="&quot;h&quot; is not a modifier key, expected one of [:control, :shift, :alt, :command, :meta]">
"h" is not a modifier key, expected one of [:control, :shift, :alt, :command, :meta] (Selenium::WebDriver::Error::UnsupportedOperationError)
/opt/local/lib/ruby/gems/1.8/gems/selenium-webdriver-2.15.0/lib/selenium/webdriver/common/keyboard.rb:45:in `assert_modifier'
/opt/local/lib/ruby/gems/1.8/gems/selenium-webdriver-2.15.0/lib/selenium/webdriver/common/keyboard.rb:22:in `press'
/opt/local/lib/ruby/gems/1.8/gems/selenium-webdriver-2.15.0/lib/selenium/webdriver/common/action_builder.rb:122:in `__send__'
/opt/local/lib/ruby/gems/1.8/gems/selenium-webdriver-2.15.0/lib/selenium/webdriver/common/action_builder.rb:122:in `perform'
/opt/local/lib/ruby/gems/1.8/gems/selenium-webdriver-2.15.0/lib/selenium/webdriver/common/action_builder.rb:121:in `each'
/opt/local/lib/ruby/gems/1.8/gems/selenium-webdriver-2.15.0/lib/selenium/webdriver/common/action_builder.rb:121:in `perform'
getreferredJIBE_IE.rb:126:in `test_step2'
/opt/local/lib/ruby/gems/1.8/gems/test-unit-2.0.9/lib/test/unit/testcase.rb:452:in `__send__'
/opt/local/lib/ruby/gems/1.8/gems/test-unit-2.0.9/lib/test/unit/testcase.rb:452:in `run_test'
/opt/local/lib/ruby/gems/1.8/gems/test-unit-2.0.9/lib/test/unit/testcase.rb:320:in `run'
/opt/local/lib/ruby/gems/1.8/gems/test-unit-2.0.9/lib/test/unit/testsuite.rb:38:in `run'
/opt/local/lib/ruby/gems/1.8/gems/test-unit-2.0.9/lib/test/unit/testsuite.rb:37:in `each'
/opt/local/lib/ruby/gems/1.8/gems/test-unit-2.0.9/lib/test/unit/testsuite.rb:37:in `run'
/opt/local/lib/ruby/gems/1.8/gems/test-unit-2.0.9/lib/test/unit/testsuite.rb:38:in `run'
/opt/local/lib/ruby/gems/1.8/gems/test-unit-2.0.9/lib/test/unit/testsuite.rb:37:in `each'
/opt/local/lib/ruby/gems/1.8/gems/test-unit-2.0.9/lib/test/unit/testsuite.rb:37:in `run'
/opt/local/lib/ruby/gems/1.8/gems/test-unit-2.0.9/lib/test/unit/ui/testrunnermediator.rb:48:in `run_suite'
/opt/local/lib/ruby/gems/1.8/gems/test-unit-2.0.9/lib/test/unit/ui/console/testrunner.rb:82:in `start_mediator'
/opt/local/lib/ruby/gems/1.8/gems/test-unit-2.0.9/lib/test/unit/ui/console/testrunner.rb:52:in `start'
/opt/local/lib/ruby/gems/1.8/gems/test-unit-2.0.9/lib/test/unit/ui/testrunnerutilities.rb:24:in `run'
/opt/local/lib/ruby/gems/1.8/gems/test-unit-2.0.9/lib/test/unit/autorunner.rb:304:in `run'
/opt/local/lib/ruby/gems/1.8/gems/test-unit-2.0.9/lib/test/unit/autorunner.rb:52:in `run'
/opt/local/lib/ruby/gems/1.8/gems/test-unit-2.0.9/lib/test/unit.rb:321
getreferredJIBE_IE.rb:158    </failure>
  </testcase>
  <system-out>
Slept for 3 seconds now
  </system-out>
  <system-err>
  </system-err>
</testsuite>
