<?xml version="1.0" encoding="UTF-8"?>
<testsuite assertions="1" tests="1" failures="0" name="Ruby11" skipped="0" time="56.629989" errors="1">
  <testcase assertions="1" name="test_step2" time="56.627618">
    <failure type="NameError" message="undefined local variable or method `wait' for #&lt;Ruby11:0x1015d14c8&gt;">
undefined local variable or method `wait' for #&lt;Ruby11:0x1015d14c8&gt; (NameError)
getreferredJIBE_IE.rb:121:in `test_step2'
/opt/local/lib/ruby/gems/1.8/gems/test-unit-2.0.9/lib/test/unit/testcase.rb:452:in `__send__'
/opt/local/lib/ruby/gems/1.8/gems/test-unit-2.0.9/lib/test/unit/testcase.rb:452:in `run_test'
/opt/local/lib/ruby/gems/1.8/gems/test-unit-2.0.9/lib/test/unit/testcase.rb:320:in `run'
/opt/local/lib/ruby/gems/1.8/gems/test-unit-2.0.9/lib/test/unit/testsuite.rb:38:in `run'
/opt/local/lib/ruby/gems/1.8/gems/test-unit-2.0.9/lib/test/unit/testsuite.rb:37:in `each'
/opt/local/lib/ruby/gems/1.8/gems/test-unit-2.0.9/lib/test/unit/testsuite.rb:37:in `run'
/opt/local/lib/ruby/gems/1.8/gems/test-unit-2.0.9/lib/test/unit/testsuite.rb:38:in `run'
/opt/local/lib/ruby/gems/1.8/gems/test-unit-2.0.9/lib/test/unit/testsuite.rb:37:in `each'
/opt/local/lib/ruby/gems/1.8/gems/test-unit-2.0.9/lib/test/unit/testsuite.rb:37:in `run'
/opt/local/lib/ruby/gems/1.8/gems/test-unit-2.0.9/lib/test/unit/ui/testrunnermediator.rb:48:in `run_suite'
/opt/local/lib/ruby/gems/1.8/gems/test-unit-2.0.9/lib/test/unit/ui/console/testrunner.rb:82:in `start_mediator'
/opt/local/lib/ruby/gems/1.8/gems/test-unit-2.0.9/lib/test/unit/ui/console/testrunner.rb:52:in `start'
/opt/local/lib/ruby/gems/1.8/gems/test-unit-2.0.9/lib/test/unit/ui/testrunnerutilities.rb:24:in `run'
/opt/local/lib/ruby/gems/1.8/gems/test-unit-2.0.9/lib/test/unit/autorunner.rb:304:in `run'
/opt/local/lib/ruby/gems/1.8/gems/test-unit-2.0.9/lib/test/unit/autorunner.rb:52:in `run'
/opt/local/lib/ruby/gems/1.8/gems/test-unit-2.0.9/lib/test/unit.rb:321
getreferredJIBE_IE.rb:162    </failure>
  </testcase>
  <system-out>
  </system-out>
  <system-err>
  </system-err>
</testsuite>
