<?xml version="1.0" encoding="UTF-8"?>
<testsuite failures="0" tests="1" assertions="2" name="RegressionTesting" time="111.884827" errors="0" skipped="0">
  <testcase assertions="2" name="test_Verizon_159_jobapplication" time="110.547397">
  </testcase>
  <system-out>
Testing Company:"Verizon"
  </system-out>
  <system-err>
  </system-err>
</testsuite>
