<?xml version="1.0" encoding="UTF-8"?>
<testsuite failures="0" assertions="3" name="RegressionTesting" tests="1" time="85.649874" errors="0" skipped="0">
  <testcase name="test_jobapplications">
  </testcase>
  <system-out>
the checkbox value is
1
  </system-out>
  <system-err>
  </system-err>
</testsuite>
