<?xml version="1.0" encoding="UTF-8"?>
<testsuite failures="0" assertions="12" name="RegressionTesting" tests="3" time="132.764188" errors="0" skipped="0">
  <testcase assertions="3" name="test_facebooklogin" time="25.706478">
  </testcase>
  <testcase assertions="6" name="test_footerlinks" time="19.082133">
  </testcase>
  <testcase name="test_jobapplications">
  </testcase>
  <system-out>
  </system-out>
  <system-err>
  </system-err>
</testsuite>
