<?xml version="1.0" encoding="UTF-8"?>
<testsuite assertions="2" tests="1" skipped="0" name="RegressionTesting" time="128.396115" failures="0" errors="0">
  <testcase name="test_jobapplications">
  </testcase>
  <system-out>
  </system-out>
  <system-err>
  </system-err>
</testsuite>
