<?xml version="1.0" encoding="UTF-8"?>
<testsuite failures="0" assertions="6" name="RegressionTesting" tests="1" time="21.930913" errors="0" skipped="0">
  <testcase assertions="6" name="test_footerlinks" time="21.930451">
  </testcase>
  <system-out>
  </system-out>
  <system-err>
  </system-err>
</testsuite>
