<?xml version="1.0" encoding="UTF-8"?>
<testsuite failures="0" assertions="1" name="RegressionTesting" tests="1" time="6.568986" errors="0" skipped="0">
  <testcase name="test_facebooklogin">
  </testcase>
  <system-out>
  </system-out>
  <system-err>
  </system-err>
</testsuite>
