<?xml version="1.0" encoding="UTF-8"?>
<testsuite failures="0" assertions="9" name="RegressionTesting" tests="1" time="244.095368" errors="0" skipped="0">
  <testcase assertions="9" name="test_jobapplications" time="244.095108">
  </testcase>
  <system-out>
the checkbox value is
false
  </system-out>
  <system-err>
  </system-err>
</testsuite>
