<?xml version="1.0" encoding="UTF-8"?>
<testsuite failures="0" tests="1" assertions="2" name="RegressionTesting" time="40.668167" errors="0" skipped="0">
  <testcase assertions="2" name="test_Warner Chilcott_30_jobapplication" time="39.216573">
  </testcase>
  <system-out>
Testing Company:"Warner Chilcott"
  </system-out>
  <system-err>
  </system-err>
</testsuite>
