<?xml version="1.0" encoding="UTF-8"?>
<testsuite failures="0" assertions="3" name="RegressionTesting" tests="2" time="42.527017" errors="0" skipped="0">
  <testcase assertions="3" name="test_facebooklogin" time="33.872722">
  </testcase>
  <testcase name="test_footerlinks">
  </testcase>
  <system-out>
  </system-out>
  <system-err>
  </system-err>
</testsuite>
