<?xml version="1.0" encoding="UTF-8"?>
<testsuite failures="0" tests="1" skipped="0" name="JobServiceRegression" assertions="4" time="0.28247" errors="1">
  <testcase name="test_jobs_by_company_id_16" assertions="4" time="0.281233">
    <failure type="NoMethodError" message="undefined method `[]' for nil:NilClass">
undefined method `[]' for nil:NilClass (NoMethodError)
regression.rb:100:in `test_jobs_by_company_id_16'
regression.rb:99:in `each'
regression.rb:99:in `test_jobs_by_company_id_16'
/opt/local/lib/ruby/gems/1.8/gems/test-unit-2.0.9/lib/test/unit/testcase.rb:452:in `__send__'
/opt/local/lib/ruby/gems/1.8/gems/test-unit-2.0.9/lib/test/unit/testcase.rb:452:in `run_test'
/opt/local/lib/ruby/gems/1.8/gems/test-unit-2.0.9/lib/test/unit/testcase.rb:320:in `run'
/opt/local/lib/ruby/gems/1.8/gems/test-unit-2.0.9/lib/test/unit/testsuite.rb:38:in `run'
/opt/local/lib/ruby/gems/1.8/gems/test-unit-2.0.9/lib/test/unit/testsuite.rb:37:in `each'
/opt/local/lib/ruby/gems/1.8/gems/test-unit-2.0.9/lib/test/unit/testsuite.rb:37:in `run'
/opt/local/lib/ruby/gems/1.8/gems/test-unit-2.0.9/lib/test/unit/testsuite.rb:38:in `run'
/opt/local/lib/ruby/gems/1.8/gems/test-unit-2.0.9/lib/test/unit/testsuite.rb:37:in `each'
/opt/local/lib/ruby/gems/1.8/gems/test-unit-2.0.9/lib/test/unit/testsuite.rb:37:in `run'
/opt/local/lib/ruby/gems/1.8/gems/test-unit-2.0.9/lib/test/unit/ui/testrunnermediator.rb:48:in `run_suite'
/opt/local/lib/ruby/gems/1.8/gems/test-unit-2.0.9/lib/test/unit/ui/console/testrunner.rb:82:in `start_mediator'
/opt/local/lib/ruby/gems/1.8/gems/test-unit-2.0.9/lib/test/unit/ui/console/testrunner.rb:52:in `start'
/opt/local/lib/ruby/gems/1.8/gems/test-unit-2.0.9/lib/test/unit/ui/testrunnerutilities.rb:24:in `run'
/opt/local/lib/ruby/gems/1.8/gems/test-unit-2.0.9/lib/test/unit/autorunner.rb:304:in `run'
/opt/local/lib/ruby/gems/1.8/gems/test-unit-2.0.9/lib/test/unit/autorunner.rb:52:in `run'
/opt/local/lib/ruby/gems/1.8/gems/test-unit-2.0.9/lib/test/unit.rb:321
regression.rb:345    </failure>
  </testcase>
  <system-out>
  </system-out>
  <system-err>
  </system-err>
</testsuite>
