<?xml version="1.0" encoding="UTF-8"?>
<testsuite failures="0" tests="30" skipped="0" name="JobServiceRegression" assertions="120" time="6.921603" errors="0">
  <testcase name="test_job_by_id_1" assertions="4" time="0.422211">
  </testcase>
  <testcase name="test_job_by_id_112510" assertions="4" time="0.199401">
  </testcase>
  <testcase name="test_job_by_id_1127" assertions="4" time="0.193282">
  </testcase>
  <testcase name="test_job_by_id_119654" assertions="4" time="0.57419">
  </testcase>
  <testcase name="test_job_by_id_14113" assertions="4" time="0.219423">
  </testcase>
  <testcase name="test_job_by_id_18565" assertions="4" time="0.196176">
  </testcase>
  <testcase name="test_job_by_id_25106" assertions="4" time="0.197267">
  </testcase>
  <testcase name="test_job_by_id_2551" assertions="4" time="0.21056">
  </testcase>
  <testcase name="test_job_by_id_25995" assertions="4" time="0.208001">
  </testcase>
  <testcase name="test_job_by_id_2634" assertions="4" time="0.219985">
  </testcase>
  <testcase name="test_job_by_id_2645" assertions="4" time="0.177653">
  </testcase>
  <testcase name="test_job_by_id_26778" assertions="4" time="0.176285">
  </testcase>
  <testcase name="test_job_by_id_26780" assertions="4" time="0.352642">
  </testcase>
  <testcase name="test_job_by_id_275162" assertions="4" time="0.242062">
  </testcase>
  <testcase name="test_job_by_id_28" assertions="4" time="0.204187">
  </testcase>
  <testcase name="test_job_by_id_28517" assertions="4" time="0.200912">
  </testcase>
  <testcase name="test_job_by_id_32436" assertions="4" time="0.197187">
  </testcase>
  <testcase name="test_job_by_id_33067" assertions="4" time="0.190376">
  </testcase>
  <testcase name="test_job_by_id_33883" assertions="4" time="0.185137">
  </testcase>
  <testcase name="test_job_by_id_360129" assertions="4" time="0.192591">
  </testcase>
  <testcase name="test_job_by_id_4377" assertions="4" time="0.328846">
  </testcase>
  <testcase name="test_job_by_id_54389" assertions="4" time="0.205702">
  </testcase>
  <testcase name="test_job_by_id_57735" assertions="4" time="0.217735">
  </testcase>
  <testcase name="test_job_by_id_6468" assertions="4" time="0.195141">
  </testcase>
  <testcase name="test_job_by_id_70675" assertions="4" time="0.195903">
  </testcase>
  <testcase name="test_job_by_id_7404" assertions="4" time="0.202931">
  </testcase>
  <testcase name="test_job_by_id_8" assertions="4" time="0.205671">
  </testcase>
  <testcase name="test_job_by_id_8852" assertions="4" time="0.216584">
  </testcase>
  <testcase name="test_job_by_id_94457" assertions="4" time="0.216071">
  </testcase>
  <testcase name="test_job_by_id_9629" assertions="4" time="0.174868">
  </testcase>
  <system-out>
  </system-out>
  <system-err>
  </system-err>
</testsuite>
