<?xml version="1.0" encoding="UTF-8"?>
<testsuite failures="0" tests="30" skipped="0" name="JobServiceRegression" assertions="120" time="5.30644" errors="0">
  <testcase name="test_job_by_id_1" assertions="4" time="0.326746">
  </testcase>
  <testcase name="test_job_by_id_112510" assertions="4" time="0.167158">
  </testcase>
  <testcase name="test_job_by_id_1127" assertions="4" time="0.187028">
  </testcase>
  <testcase name="test_job_by_id_119654" assertions="4" time="0.196331">
  </testcase>
  <testcase name="test_job_by_id_14113" assertions="4" time="0.207084">
  </testcase>
  <testcase name="test_job_by_id_18565" assertions="4" time="0.182382">
  </testcase>
  <testcase name="test_job_by_id_25106" assertions="4" time="0.181528">
  </testcase>
  <testcase name="test_job_by_id_2551" assertions="4" time="0.184488">
  </testcase>
  <testcase name="test_job_by_id_25995" assertions="4" time="0.181204">
  </testcase>
  <testcase name="test_job_by_id_2634" assertions="4" time="0.171751">
  </testcase>
  <testcase name="test_job_by_id_2645" assertions="4" time="0.157928">
  </testcase>
  <testcase name="test_job_by_id_26778" assertions="4" time="0.157985">
  </testcase>
  <testcase name="test_job_by_id_26780" assertions="4" time="0.177556">
  </testcase>
  <testcase name="test_job_by_id_275162" assertions="4" time="0.163258">
  </testcase>
  <testcase name="test_job_by_id_28" assertions="4" time="0.161953">
  </testcase>
  <testcase name="test_job_by_id_28517" assertions="4" time="0.160944">
  </testcase>
  <testcase name="test_job_by_id_32436" assertions="4" time="0.162237">
  </testcase>
  <testcase name="test_job_by_id_33067" assertions="4" time="0.15949">
  </testcase>
  <testcase name="test_job_by_id_33883" assertions="4" time="0.160973">
  </testcase>
  <testcase name="test_job_by_id_360129" assertions="4" time="0.161211">
  </testcase>
  <testcase name="test_job_by_id_4377" assertions="4" time="0.212224">
  </testcase>
  <testcase name="test_job_by_id_54389" assertions="4" time="0.159878">
  </testcase>
  <testcase name="test_job_by_id_57735" assertions="4" time="0.157726">
  </testcase>
  <testcase name="test_job_by_id_6468" assertions="4" time="0.160233">
  </testcase>
  <testcase name="test_job_by_id_70675" assertions="4" time="0.159646">
  </testcase>
  <testcase name="test_job_by_id_7404" assertions="4" time="0.163257">
  </testcase>
  <testcase name="test_job_by_id_8" assertions="4" time="0.162058">
  </testcase>
  <testcase name="test_job_by_id_8852" assertions="4" time="0.167322">
  </testcase>
  <testcase name="test_job_by_id_94457" assertions="4" time="0.175496">
  </testcase>
  <testcase name="test_job_by_id_9629" assertions="4" time="0.177231">
  </testcase>
  <system-out>
  </system-out>
  <system-err>
  </system-err>
</testsuite>
