<?xml version="1.0" encoding="UTF-8"?>
<testsuite assertions="0" name="RegressionTesting" tests="1" failures="0" time="7.835996" errors="0" skipped="0">
  <testcase assertions="0" name="test_test1" time="5.256326">
  </testcase>
  <system-out>
sleeping for 5 now
  </system-out>
  <system-err>
  </system-err>
</testsuite>
