<?xml version="1.0" encoding="UTF-8"?>
<testsuite assertions="0" tests="1" failures="0" name="RegressionTesting" skipped="0" time="2.421265" errors="0">
  <testcase name="test_test1">
  </testcase>
  <system-out>
sleeping for 5 now
  </system-out>
  <system-err>
  </system-err>
</testsuite>
