<?xml version="1.0" encoding="UTF-8"?>
<testsuite assertions="0" tests="2" failures="0" name="RegressionTesting" skipped="0" time="33.395374" errors="1">
  <testcase assertions="0" name="test_1test1" time="2.000894">
  </testcase>
  <testcase assertions="0" name="test_profile" time="30.574225">
    <failure type="Selenium::WebDriver::Error::TimeOutError" message="timed out after 30 seconds (Unable to locate element: {&quot;method&quot;:&quot;id&quot;,&quot;selector&quot;:&quot;Front-end Engineer&quot;})}">
timed out after 30 seconds (Unable to locate element: {"method":"id","selector":"Front-end Engineer"})} (Selenium::WebDriver::Error::TimeOutError)
/opt/local/lib/ruby/gems/1.8/gems/selenium-webdriver-2.15.0/lib/selenium/webdriver/common/wait.rb:54:in `until'
regression.rb:40:in `test_profile'
/opt/local/lib/ruby/gems/1.8/gems/test-unit-2.0.9/lib/test/unit/testcase.rb:452:in `__send__'
/opt/local/lib/ruby/gems/1.8/gems/test-unit-2.0.9/lib/test/unit/testcase.rb:452:in `run_test'
/opt/local/lib/ruby/gems/1.8/gems/test-unit-2.0.9/lib/test/unit/testcase.rb:320:in `run'
/opt/local/lib/ruby/gems/1.8/gems/test-unit-2.0.9/lib/test/unit/testsuite.rb:38:in `run'
/opt/local/lib/ruby/gems/1.8/gems/test-unit-2.0.9/lib/test/unit/testsuite.rb:37:in `each'
/opt/local/lib/ruby/gems/1.8/gems/test-unit-2.0.9/lib/test/unit/testsuite.rb:37:in `run'
/opt/local/lib/ruby/gems/1.8/gems/test-unit-2.0.9/lib/test/unit/testsuite.rb:38:in `run'
/opt/local/lib/ruby/gems/1.8/gems/test-unit-2.0.9/lib/test/unit/testsuite.rb:37:in `each'
/opt/local/lib/ruby/gems/1.8/gems/test-unit-2.0.9/lib/test/unit/testsuite.rb:37:in `run'
/opt/local/lib/ruby/gems/1.8/gems/test-unit-2.0.9/lib/test/unit/ui/testrunnermediator.rb:48:in `run_suite'
/opt/local/lib/ruby/gems/1.8/gems/test-unit-2.0.9/lib/test/unit/ui/console/testrunner.rb:82:in `start_mediator'
/opt/local/lib/ruby/gems/1.8/gems/test-unit-2.0.9/lib/test/unit/ui/console/testrunner.rb:52:in `start'
/opt/local/lib/ruby/gems/1.8/gems/test-unit-2.0.9/lib/test/unit/ui/testrunnerutilities.rb:24:in `run'
/opt/local/lib/ruby/gems/1.8/gems/test-unit-2.0.9/lib/test/unit/autorunner.rb:304:in `run'
/opt/local/lib/ruby/gems/1.8/gems/test-unit-2.0.9/lib/test/unit/autorunner.rb:52:in `run'
/opt/local/lib/ruby/gems/1.8/gems/test-unit-2.0.9/lib/test/unit.rb:321
regression.rb:74    </failure>
  </testcase>
  <system-out>
sleeping for 5 now
  </system-out>
  <system-err>
  </system-err>
</testsuite>
